<?xml version="1.0" encoding="UTF-8"?>
<testng-results ignored="0" total="1" passed="1" failed="0" skipped="0">
  <reporter-output>
  </reporter-output>
  <suite started-at="2026-03-23T21:53:33 IST" name="Default suite" finished-at="2026-03-23T21:53:36 IST" duration-ms="3589">
    <groups>
    </groups>
    <test started-at="2026-03-23T21:53:33 IST" name="Default test" finished-at="2026-03-23T21:53:36 IST" duration-ms="3589">
      <class name="CRUD_NinzaHRM.CreateProject">
        <test-method signature="createProject()[pri:0, instance:CRUD_NinzaHRM.CreateProject@4f83df68]" started-at="2026-03-23T21:53:33 IST" name="createProject" finished-at="2026-03-23T21:53:36 IST" duration-ms="3538" status="PASS">
          <reporter-output>
          </reporter-output>
        </test-method> <!-- createProject -->
      </class> <!-- CRUD_NinzaHRM.CreateProject -->
    </test> <!-- Default test -->
  </suite> <!-- Default suite -->
</testng-results>
