<?xml version="1.0" encoding="UTF-8"?>
<!-- Generated by org.testng.reporters.JUnitReportReporter -->
<testsuite hostname="DESKTOP-RHSNC0T" failures="0" tests="1" name="automationExercise_Parameters.ToSearchProductWithoutSearch_Parameter" time="3.160" errors="0" timestamp="2026-03-11T10:40:17 IST" skipped="0">
  <testcase classname="automationExercise_Parameters.ToSearchProductWithoutSearch_Parameter" name="withoutSearchParameter" time="3.160"/>
</testsuite> <!-- automationExercise_Parameters.ToSearchProductWithoutSearch_Parameter -->
