<?xml version="1.0" encoding="UTF-8"?>
<!-- Generated by org.testng.reporters.JUnitReportReporter -->
<testsuite hostname="DESKTOP-RHSNC0T" failures="0" tests="1" name="automationExercise_Parameters.ToVerifyLoginWithValidDetails" time="3.005" errors="0" timestamp="2026-03-11T10:44:01 IST" skipped="0">
  <testcase classname="automationExercise_Parameters.ToVerifyLoginWithValidDetails" name="verifyLoginWIthValidDetails" time="3.005"/>
</testsuite> <!-- automationExercise_Parameters.ToVerifyLoginWithValidDetails -->
