<?xml version="1.0" encoding="UTF-8"?>
<!-- Generated by org.testng.reporters.JUnitReportReporter -->
<testsuite hostname="DESKTOP-RHSNC0T" failures="0" tests="4" name="github.github_CRUD" time="5.769" errors="0" timestamp="2026-03-13T13:55:43 IST" skipped="0">
  <testcase classname="github.github_CRUD" name="createRepository" time="4.078"/>
  <testcase classname="github.github_CRUD" name="getRepository" time="0.492"/>
  <testcase classname="github.github_CRUD" name="updateRepository" time="0.526"/>
  <testcase classname="github.github_CRUD" name="deleteRepository" time="0.673"/>
</testsuite> <!-- github.github_CRUD -->
