<?xml version="1.0" encoding="UTF-8"?>
<!-- Generated by org.testng.reporters.JUnitReportReporter -->
<testsuite hostname="DESKTOP-RHSNC0T" failures="0" tests="5" name="DataProvider.TestMethod_AnotherClass" time="0.027" errors="0" timestamp="2026-03-18T09:15:50 IST" skipped="0">
  <testcase classname="DataProvider.TestMethod_AnotherClass" name="OrderingThings" time="0.011"/>
  <testcase classname="DataProvider.TestMethod_AnotherClass" name="OrderingThings" time="0.003"/>
  <testcase classname="DataProvider.TestMethod_AnotherClass" name="OrderingThings" time="0.002"/>
  <testcase classname="DataProvider.TestMethod_AnotherClass" name="OrderingThings" time="0.003"/>
  <testcase classname="DataProvider.TestMethod_AnotherClass" name="OrderingThings" time="0.008"/>
</testsuite> <!-- DataProvider.TestMethod_AnotherClass -->
