<?xml version="1.0" encoding="UTF-8"?>
<!-- Generated by org.testng.reporters.JUnitReportReporter -->
<testsuite hostname="DESKTOP-RHSNC0T" failures="0" tests="4" name="requestChaining.APIChainingForNinza" time="3.815" errors="0" timestamp="2026-03-17T14:21:44 IST" skipped="0">
  <testcase classname="requestChaining.APIChainingForNinza" name="createProject" time="3.584"/>
  <testcase classname="requestChaining.APIChainingForNinza" name="getProject" time="0.108"/>
  <testcase classname="requestChaining.APIChainingForNinza" name="updateProject" time="0.061"/>
  <testcase classname="requestChaining.APIChainingForNinza" name="deleteProject" time="0.062"/>
</testsuite> <!-- requestChaining.APIChainingForNinza -->
