<?xml version="1.0" encoding="UTF-8"?>
<!-- Generated by org.testng.reporters.JUnitReportReporter -->
<testsuite hostname="DESKTOP-RHSNC0T" failures="0" tests="1" name="automationExercise_Parameters.ToVerifyLoginWithInvalidCredentials" time="3.074" errors="0" timestamp="2026-03-11T10:52:25 IST" skipped="0">
  <testcase classname="automationExercise_Parameters.ToVerifyLoginWithInvalidCredentials" name="verifyLoginWithInvalidCredentials" time="3.074"/>
</testsuite> <!-- automationExercise_Parameters.ToVerifyLoginWithInvalidCredentials -->
