<?xml version="1.0" encoding="UTF-8"?>
<!-- Generated by org.testng.reporters.JUnitReportReporter -->
<testsuite hostname="DESKTOP-RHSNC0T" failures="0" tests="5" name="DataProvider.SampleDataProvider" time="0.025" errors="0" timestamp="2026-03-18T09:08:40 IST" skipped="0">
  <testcase classname="DataProvider.SampleDataProvider" name="BookingTest" time="0.011"/>
  <testcase classname="DataProvider.SampleDataProvider" name="BookingTest" time="0.004"/>
  <testcase classname="DataProvider.SampleDataProvider" name="BookingTest" time="0.002"/>
  <testcase classname="DataProvider.SampleDataProvider" name="BookingTest" time="0.005"/>
  <testcase classname="DataProvider.SampleDataProvider" name="BookingTest" time="0.003"/>
</testsuite> <!-- DataProvider.SampleDataProvider -->
