<?xml version="1.0" encoding="UTF-8"?>
<!-- Generated by org.testng.reporters.JUnitReportReporter -->
<testsuite hostname="DESKTOP-RHSNC0T" failures="0" tests="1" name="automationExercise_Parameters.ToVerifyLoginWIthoutEmailParameter" time="2.434" errors="0" timestamp="2026-03-11T10:46:25 IST" skipped="0">
  <testcase classname="automationExercise_Parameters.ToVerifyLoginWIthoutEmailParameter" name="verifyLoginWithoutEmail" time="2.434"/>
</testsuite> <!-- automationExercise_Parameters.ToVerifyLoginWIthoutEmailParameter -->
