<?xml version="1.0" encoding="UTF-8"?>
<!-- Generated by org.testng.reporters.JUnitReportReporter -->
<testsuite hostname="DESKTOP-RHSNC0T" failures="0" tests="4" name="TestRunner.TestRunner_Ninza" time="6.398" errors="0" timestamp="2026-03-25T19:39:28 IST" skipped="0">
  <testcase classname="TestRunner.TestRunner_Ninza" name="runScenario" time="4.835"/>
  <testcase classname="TestRunner.TestRunner_Ninza" name="runScenario" time="0.496"/>
  <testcase classname="TestRunner.TestRunner_Ninza" name="runScenario" time="0.466"/>
  <testcase classname="TestRunner.TestRunner_Ninza" name="runScenario" time="0.601"/>
</testsuite> <!-- TestRunner.TestRunner_Ninza -->
