<?xml version="1.0" encoding="UTF-8"?>
<!-- Generated by org.testng.reporters.JUnitReportReporter -->
<testsuite hostname="DESKTOP-RHSNC0T" failures="0" tests="5" name="TestRunner.TestRunner_Ninzahrm" time="3.626" errors="0" timestamp="2026-03-26T14:45:13 IST" skipped="0">
  <testcase classname="TestRunner.TestRunner_Ninzahrm" name="runScenario" time="0.260"/>
  <testcase classname="TestRunner.TestRunner_Ninzahrm" name="runScenario" time="0.254"/>
  <testcase classname="TestRunner.TestRunner_Ninzahrm" name="runScenario" time="0.265"/>
  <testcase classname="TestRunner.TestRunner_Ninzahrm" name="runScenario" time="2.587"/>
  <testcase classname="TestRunner.TestRunner_Ninzahrm" name="runScenario" time="0.260"/>
</testsuite> <!-- TestRunner.TestRunner_Ninzahrm -->
