<?xml version="1.0" encoding="UTF-8"?>
<!-- Generated by org.testng.reporters.JUnitReportReporter -->
<testsuite hostname="DESKTOP-RHSNC0T" failures="0" tests="5" name="TestRunner.TestRunner_FakeRestAPI" time="5.792" errors="0" timestamp="2026-03-24T14:08:13 IST" skipped="0">
  <testcase classname="TestRunner.TestRunner_FakeRestAPI" name="runScenario" time="0.538"/>
  <testcase classname="TestRunner.TestRunner_FakeRestAPI" name="runScenario" time="0.525"/>
  <testcase classname="TestRunner.TestRunner_FakeRestAPI" name="runScenario" time="0.695"/>
  <testcase classname="TestRunner.TestRunner_FakeRestAPI" name="runScenario" time="3.531"/>
  <testcase classname="TestRunner.TestRunner_FakeRestAPI" name="runScenario" time="0.503"/>
</testsuite> <!-- TestRunner.TestRunner_FakeRestAPI -->
