<?xml version="1.0" encoding="UTF-8"?>
<!-- Generated by org.testng.reporters.JUnitReportReporter -->
<testsuite hostname="DESKTOP-RHSNC0T" failures="0" tests="2" name="TestRunner.TestRunner_background" time="2.899" errors="0" timestamp="2026-03-24T15:40:14 IST" skipped="0">
  <testcase classname="TestRunner.TestRunner_background" name="runScenario" time="0.095"/>
  <testcase classname="TestRunner.TestRunner_background" name="runScenario" time="2.804"/>
</testsuite> <!-- TestRunner.TestRunner_background -->
